<?xml version="1.0" encoding="UTF-8"?>
<!-- Generated by org.testng.reporters.JUnitXMLReporter -->
<testsuite hostname="DESKTOP-4K5J24O" ignored="0" name="Default test" tests="5" failures="0" timestamp="2021-10-05T14:26:32 CDT" time="32.767" errors="0">
  <testcase name="testElements" time="2.042" classname="com.project.pom.test.Tools_QATest"/>
  <testcase name="testForms" time="3.762" classname="com.project.pom.test.Tools_QATest"/>
  <testcase name="testAlertsFramesWindows" time="2.52" classname="com.project.pom.test.Tools_QATest"/>
  <testcase name="testWidgets" time="1.667" classname="com.project.pom.test.Tools_QATest"/>
  <testcase name="testBookStore" time="18.947" classname="com.project.pom.test.Tools_QATest"/>
</testsuite> <!-- Default test -->
